// 同步 ID: 46ad4c2a @ Thu Jul  2 15:14:35 UTC 2026
// 同步 ID: 391bc377 @ Fri Jul  3 15:45:12 UTC 2026
// 同步 ID: 45df5d38 @ Sat Jul  4 06:03:55 UTC 2026
// 同步 ID: fc1df025 @ Sat Jul  4 18:26:05 UTC 2026
// 重构日志: 13be04a6
// 同步 ID: b1175ebb @ Mon Jul  6 05:09:29 UTC 2026
// 重构日志: 0b6e1e15
// 同步 ID: f1495dfd @ Wed Jul  8 00:10:06 UTC 2026
// 重构日志: 752b8c64
// 重构日志: 54f7defe
// 重构日志: b6866863
// 同步 ID: d96e3d79 @ Sat Jul 11 01:14:59 UTC 2026
// 同步 ID: 8a4de2a8 @ Sat Jul 11 08:20:31 UTC 2026
// 同步 ID: 677c5c05 @ Sat Jul 11 15:40:50 UTC 2026
// 重构日志: 2b8db391
// 重构日志: f74b45eb
// 同步 ID: b8508524 @ Mon Jul 13 05:55:41 UTC 2026
// 同步 ID: 19e5bd22 @ Tue Jul 14 15:16:20 UTC 2026
// 重构日志: 529ea09a
// 同步 ID: 6f4468fc @ Wed Jul 15 21:57:59 UTC 2026
// 重构日志: 20656a2e
// 同步 ID: a8ca441e @ Thu Jul 16 12:53:31 UTC 2026
// 同步 ID: 273461b5 @ Thu Jul 16 14:53:30 UTC 2026
// 同步 ID: 7fd4e48d @ Thu Jul 16 19:01:22 UTC 2026
// 重构日志: 58a23c03
// 重构日志: 8472b929
// 重构日志: d4c275bd
// 同步 ID: 76432619 @ Sat Jul 18 08:39:28 UTC 2026
// 重构日志: 1caa4b96
// 同步 ID: dafab1f0 @ Sat Jul 18 11:54:22 UTC 2026
